\BOOKMARK [0][-]{section*.3}{\376\377\000S\000u\000m\000\341\000r\000i\000o}{}% 1
\BOOKMARK [0][-]{section*.5}{\376\377\000L\000i\000s\000t\000a\000\040\000d\000e\000\040\000F\000i\000g\000u\000r\000a\000s}{}% 2
\BOOKMARK [0][-]{section*.7}{\376\377\000L\000i\000s\000t\000a\000\040\000d\000e\000\040\000T\000a\000b\000e\000l\000a\000s}{}% 3
\BOOKMARK [0][-]{chapter.1}{\376\377\000I\000n\000t\000r\000o\000d\000u\000\347\000\343\000o}{}% 4
\BOOKMARK [1][-]{section.1.1}{\376\377\000M\000o\000t\000i\000v\000a\000\347\000\343\000o}{chapter.1}% 5
\BOOKMARK [1][-]{section.1.2}{\376\377\000O\000b\000j\000e\000t\000i\000v\000o\000s}{chapter.1}% 6
\BOOKMARK [0][-]{chapter.2}{\376\377\000F\000u\000n\000d\000a\000m\000e\000n\000t\000a\000\347\000\343\000o\000\040\000T\000e\000\363\000r\000i\000c\000a}{}% 7
\BOOKMARK [1][-]{section.2.1}{\376\377\000O\000\040\000p\000r\000o\000b\000l\000e\000m\000a\000\040\000d\000a\000\040\000c\000i\000n\000e\000m\000\341\000t\000i\000c\000a\000\040\000d\000e\000\040\000u\000m\000\040\000r\000o\000b\000\364\000\040\000m\000\363\000v\000e\000l}{chapter.2}% 8
\BOOKMARK [1][-]{section.2.2}{\376\377\000A\000p\000r\000e\000n\000d\000i\000z\000a\000d\000o\000\040\000d\000e\000\040\000m\000\341\000q\000u\000i\000n\000a}{chapter.2}% 9
\BOOKMARK [1][-]{section.2.3}{\376\377\000C\000o\000n\000t\000r\000o\000l\000a\000d\000o\000r\000\040\000e\000s\000t\000a\000b\000i\000l\000i\000z\000a\000n\000t\000e\000\040\000F\000e\000d\000e\000r\000i\000c\000o}{chapter.2}% 10
\BOOKMARK [0][-]{chapter.3}{\376\377\000T\000r\000a\000b\000a\000l\000h\000o\000s\000\040\000r\000e\000l\000a\000c\000i\000o\000n\000a\000d\000o\000s}{}% 11
\BOOKMARK [0][-]{chapter.4}{\376\377\000P\000r\000o\000b\000l\000e\000m\000a}{}% 12
\BOOKMARK [1][-]{section.4.1}{\376\377\000A\000l\000i\000q\000u\000a\000m\000\040\000e\000r\000a\000t\000\040\000n\000e\000q\000u\000e}{chapter.4}% 13
\BOOKMARK [1][-]{section.4.2}{\376\377\000Q\000u\000i\000s\000q\000u\000e\000\040\000e\000u\000i\000s\000m\000o\000d\000\040\000u\000r\000n\000a}{chapter.4}% 14
\BOOKMARK [0][-]{chapter.5}{\376\377\000I\000m\000p\000l\000e\000m\000e\000n\000t\000a\000\347\000\343\000o}{}% 15
\BOOKMARK [1][-]{section.5.1}{\376\377\000N\000u\000l\000l\000a\000\040\000m\000o\000l\000e\000s\000t\000i\000e\000\040\000l\000i\000b\000e\000r\000o\000\040\000s\000e\000d}{chapter.5}% 16
\BOOKMARK [0][-]{chapter.6}{\376\377\000E\000x\000p\000e\000r\000i\000m\000e\000n\000t\000o\000s\000\040\000e\000\040\000R\000e\000s\000u\000l\000t\000a\000d\000o\000s}{}% 17
\BOOKMARK [0][-]{chapter.7}{\376\377\000C\000o\000n\000c\000l\000u\000s\000\343\000o}{}% 18
\BOOKMARK [0][-]{section*.9}{\376\377\000R\000e\000f\000e\000r\000\352\000n\000c\000i\000a\000s\000\040\000b\000i\000b\000l\000i\000o\000g\000r\000\341\000f\000i\000c\000a\000s}{}% 19
\BOOKMARK [0][-]{appendix.A}{\376\377\000I\000n\000f\000o\000r\000m\000a\000\347\000\365\000e\000s\000\040\000a\000d\000i\000c\000i\000o\000n\000a\000i\000s}{}% 20
